2024-05-20 19:47:58,101 [Worker-9: Loading available Gradle versions] INFO  o.e.b.c.i.u.g.PublishedGradleVersions - Gradle version information cache is up-to-date. Trying to read.
2024-05-20 19:48:25,175 [Worker-10: Importing Maven projects] INFO  o.e.m.c.i.l.LifecycleMappingFactory - Using org.eclipse.m2e.jdt.JarLifecycleMapping lifecycle mapping for MavenProject: com.pfc:sweatlab:0.0.1-SNAPSHOT @ C:\2DAM\PFC\BackEnd\sweatlab\pom.xml.
2024-05-20 19:48:25,547 [Worker-10: Importing Maven projects] WARN  o.e.m.c.i.embedder.EclipseLogger - The artifact org.hibernate:hibernate-validator:jar:8.0.0.Final has been relocated to org.hibernate.validator:hibernate-validator:jar:8.0.0.Final
2024-05-20 19:48:26,089 [Worker-10: Importing Maven projects] INFO  o.e.m.j.i.AbstractJavaProjectConfigurator - Adding source folder /sweatlab/src/main/java
2024-05-20 19:48:26,090 [Worker-10: Importing Maven projects] INFO  o.e.m.j.i.AbstractJavaProjectConfigurator - Adding resource folder /sweatlab/src/main/resources
2024-05-20 19:48:26,092 [Worker-10: Importing Maven projects] INFO  o.e.m.j.i.AbstractJavaProjectConfigurator - Adding resource folder /sweatlab/src/main/resources
2024-05-20 19:48:26,095 [Worker-10: Importing Maven projects] INFO  o.e.m.j.i.AbstractJavaProjectConfigurator - Adding source folder /sweatlab/src/test/java
2024-05-20 19:48:26,095 [Worker-10: Importing Maven projects] INFO  o.e.m.j.i.AbstractJavaProjectConfigurator - Adding resource folder /sweatlab/src/test/resources
2024-05-20 19:48:26,097 [Worker-10: Importing Maven projects] ERROR o.e.m.j.i.AbstractJavaProjectConfigurator - Failed to find a compatible VM for environment id 'JavaSE-21', falling back to workspace default
2024-05-20 19:48:26,553 [Worker-10: Importing Maven projects] INFO  o.e.m.c.i.p.ProjectConfigurationManager - Imported and configured 1 project(s) in 2 sec
2024-05-20 19:48:27,173 [Worker-37: Building] INFO  o.a.m.s.f.DefaultMavenResourcesFiltering - Copying 1 resource from src\main\resources to target\classes
2024-05-20 19:48:27,236 [Worker-37: Building] INFO  o.a.m.s.f.DefaultMavenResourcesFiltering - Copying 1 resource from src\main\resources to target\classes
2024-05-20 19:48:27,243 [Worker-37: Building] INFO  o.a.m.s.f.DefaultMavenResourcesFiltering - skip non existing resourceDirectory C:\2DAM\PFC\BackEnd\sweatlab\src\test\resources
2024-05-20 19:49:17,005 [Worker-28: Importing Maven projects] INFO  o.e.m.c.i.l.LifecycleMappingFactory - Using org.eclipse.m2e.jdt.JarLifecycleMapping lifecycle mapping for MavenProject: com.pfc:sweatlab:0.0.1-SNAPSHOT @ C:\2DAM\PFC\BackEnd\sweatlab\pom.xml.
2024-05-20 19:49:17,282 [Worker-28: Importing Maven projects] WARN  o.e.m.c.i.embedder.EclipseLogger - The artifact org.hibernate:hibernate-validator:jar:8.0.0.Final has been relocated to org.hibernate.validator:hibernate-validator:jar:8.0.0.Final
2024-05-20 19:49:17,503 [Worker-28: Importing Maven projects] INFO  o.e.m.j.i.AbstractJavaProjectConfigurator - Adding source folder /sweatlab/src/main/java
2024-05-20 19:49:17,503 [Worker-28: Importing Maven projects] INFO  o.e.m.j.i.AbstractJavaProjectConfigurator - Adding resource folder /sweatlab/src/main/resources
2024-05-20 19:49:17,503 [Worker-28: Importing Maven projects] INFO  o.e.m.j.i.AbstractJavaProjectConfigurator - Adding resource folder /sweatlab/src/main/resources
2024-05-20 19:49:17,504 [Worker-28: Importing Maven projects] INFO  o.e.m.j.i.AbstractJavaProjectConfigurator - Adding source folder /sweatlab/src/test/java
2024-05-20 19:49:17,504 [Worker-28: Importing Maven projects] INFO  o.e.m.j.i.AbstractJavaProjectConfigurator - Adding resource folder /sweatlab/src/test/resources
2024-05-20 19:49:17,504 [Worker-28: Importing Maven projects] ERROR o.e.m.j.i.AbstractJavaProjectConfigurator - Failed to find a compatible VM for environment id 'JavaSE-21', falling back to workspace default
2024-05-20 19:49:17,646 [Worker-28: Importing Maven projects] INFO  o.e.m.c.i.p.ProjectConfigurationManager - Imported and configured 1 project(s) in 0 sec
2024-05-20 19:49:17,932 [Worker-27: Building] INFO  o.a.m.s.f.DefaultMavenResourcesFiltering - Copying 1 resource from src\main\resources to target\classes
2024-05-20 19:49:17,943 [Worker-27: Building] INFO  o.a.m.s.f.DefaultMavenResourcesFiltering - Copying 1 resource from src\main\resources to target\classes
2024-05-20 19:49:17,946 [Worker-27: Building] INFO  o.a.m.s.f.DefaultMavenResourcesFiltering - skip non existing resourceDirectory C:\2DAM\PFC\BackEnd\sweatlab\src\test\resources
2024-05-20 19:50:59,256 [Worker-30: Importing Maven projects] INFO  o.e.m.c.i.l.LifecycleMappingFactory - Using org.eclipse.m2e.jdt.JarLifecycleMapping lifecycle mapping for MavenProject: com.pfc:sweatlab:0.0.1-SNAPSHOT @ C:\2DAM\PFC\BackEnd\sweatlab\pom.xml.
2024-05-20 19:50:59,502 [Worker-30: Importing Maven projects] WARN  o.e.m.c.i.embedder.EclipseLogger - The artifact org.hibernate:hibernate-validator:jar:8.0.0.Final has been relocated to org.hibernate.validator:hibernate-validator:jar:8.0.0.Final
2024-05-20 19:50:59,706 [Worker-30: Importing Maven projects] INFO  o.e.m.j.i.AbstractJavaProjectConfigurator - Adding source folder /sweatlab/src/main/java
2024-05-20 19:50:59,706 [Worker-30: Importing Maven projects] INFO  o.e.m.j.i.AbstractJavaProjectConfigurator - Adding resource folder /sweatlab/src/main/resources
2024-05-20 19:50:59,706 [Worker-30: Importing Maven projects] INFO  o.e.m.j.i.AbstractJavaProjectConfigurator - Adding resource folder /sweatlab/src/main/resources
2024-05-20 19:50:59,706 [Worker-30: Importing Maven projects] INFO  o.e.m.j.i.AbstractJavaProjectConfigurator - Adding source folder /sweatlab/src/test/java
2024-05-20 19:50:59,706 [Worker-30: Importing Maven projects] INFO  o.e.m.j.i.AbstractJavaProjectConfigurator - Adding resource folder /sweatlab/src/test/resources
2024-05-20 19:50:59,706 [Worker-30: Importing Maven projects] ERROR o.e.m.j.i.AbstractJavaProjectConfigurator - Failed to find a compatible VM for environment id 'JavaSE-21', falling back to workspace default
2024-05-20 19:50:59,853 [Worker-30: Importing Maven projects] INFO  o.e.m.c.i.p.ProjectConfigurationManager - Imported and configured 1 project(s) in 0 sec
2024-05-20 19:51:00,127 [Worker-31: Building] INFO  o.a.m.s.f.DefaultMavenResourcesFiltering - Copying 1 resource from src\main\resources to target\classes
2024-05-20 19:51:00,137 [Worker-31: Building] INFO  o.a.m.s.f.DefaultMavenResourcesFiltering - Copying 1 resource from src\main\resources to target\classes
2024-05-20 19:51:00,140 [Worker-31: Building] INFO  o.a.m.s.f.DefaultMavenResourcesFiltering - skip non existing resourceDirectory C:\2DAM\PFC\BackEnd\sweatlab\src\test\resources
2024-05-20 19:51:24,309 [Worker-20: Updating Maven Project] INFO  o.e.m.c.i.p.ProjectConfigurationManager - Update started
2024-05-20 19:51:24,553 [Worker-20: Updating Maven Project] INFO  o.e.m.c.i.l.LifecycleMappingFactory - Using org.eclipse.m2e.jdt.JarLifecycleMapping lifecycle mapping for MavenProject: com.pfc:sweatlab:0.0.1-SNAPSHOT @ C:\2DAM\PFC\BackEnd\sweatlab\pom.xml.
2024-05-20 19:51:24,771 [Worker-20: Updating Maven Project] WARN  o.e.m.c.i.embedder.EclipseLogger - The artifact org.hibernate:hibernate-validator:jar:8.0.0.Final has been relocated to org.hibernate.validator:hibernate-validator:jar:8.0.0.Final
2024-05-20 19:51:24,984 [Worker-20: Updating Maven Project] INFO  o.e.m.j.i.AbstractJavaProjectConfigurator - Adding source folder /sweatlab/src/main/java
2024-05-20 19:51:24,984 [Worker-20: Updating Maven Project] INFO  o.e.m.j.i.AbstractJavaProjectConfigurator - Adding resource folder /sweatlab/src/main/resources
2024-05-20 19:51:24,984 [Worker-20: Updating Maven Project] INFO  o.e.m.j.i.AbstractJavaProjectConfigurator - Adding resource folder /sweatlab/src/main/resources
2024-05-20 19:51:24,984 [Worker-20: Updating Maven Project] INFO  o.e.m.j.i.AbstractJavaProjectConfigurator - Adding source folder /sweatlab/src/test/java
2024-05-20 19:51:24,984 [Worker-20: Updating Maven Project] INFO  o.e.m.j.i.AbstractJavaProjectConfigurator - Adding resource folder /sweatlab/src/test/resources
2024-05-20 19:51:24,984 [Worker-20: Updating Maven Project] ERROR o.e.m.j.i.AbstractJavaProjectConfigurator - Failed to find a compatible VM for environment id 'JavaSE-21', falling back to workspace default
2024-05-20 19:51:25,162 [Worker-20: Updating Maven Project] INFO  o.e.m.c.i.p.ProjectConfigurationManager - Update completed for 1 poms: local refresh takes 0,00 sec, refresh facades takes 0,00 sec, update config takes 0,00 sec 
2024-05-20 19:51:25,334 [Worker-32: Building] INFO  o.a.m.s.f.DefaultMavenResourcesFiltering - Copying 1 resource from src\main\resources to target\classes
2024-05-20 19:51:25,345 [Worker-32: Building] INFO  o.a.m.s.f.DefaultMavenResourcesFiltering - Copying 1 resource from src\main\resources to target\classes
2024-05-20 19:51:25,349 [Worker-32: Building] INFO  o.a.m.s.f.DefaultMavenResourcesFiltering - skip non existing resourceDirectory C:\2DAM\PFC\BackEnd\sweatlab\src\test\resources
2024-05-20 19:52:54,120 [Worker-3: Loading available Gradle versions] INFO  o.e.b.c.i.u.g.PublishedGradleVersions - Gradle version information cache is up-to-date. Trying to read.
2024-05-20 19:53:55,485 [Worker-24: Importing Maven projects] INFO  o.e.m.c.i.l.LifecycleMappingFactory - Using org.eclipse.m2e.jdt.JarLifecycleMapping lifecycle mapping for MavenProject: com.pfc:sweatlab:0.0.1-SNAPSHOT @ C:\2DAM\PFC\BackEnd\sweatlab\pom.xml.
2024-05-20 19:53:55,860 [Worker-24: Importing Maven projects] WARN  o.e.m.c.i.embedder.EclipseLogger - The artifact org.hibernate:hibernate-validator:jar:8.0.0.Final has been relocated to org.hibernate.validator:hibernate-validator:jar:8.0.0.Final
2024-05-20 19:53:56,329 [Worker-24: Importing Maven projects] INFO  o.e.m.j.i.AbstractJavaProjectConfigurator - Adding source folder /sweatlab/src/main/java
2024-05-20 19:53:56,329 [Worker-24: Importing Maven projects] INFO  o.e.m.j.i.AbstractJavaProjectConfigurator - Adding resource folder /sweatlab/src/main/resources
2024-05-20 19:53:56,329 [Worker-24: Importing Maven projects] INFO  o.e.m.j.i.AbstractJavaProjectConfigurator - Adding resource folder /sweatlab/src/main/resources
2024-05-20 19:53:56,330 [Worker-24: Importing Maven projects] INFO  o.e.m.j.i.AbstractJavaProjectConfigurator - Adding source folder /sweatlab/src/test/java
2024-05-20 19:53:56,331 [Worker-24: Importing Maven projects] INFO  o.e.m.j.i.AbstractJavaProjectConfigurator - Adding resource folder /sweatlab/src/test/resources
2024-05-20 19:53:56,331 [Worker-24: Importing Maven projects] ERROR o.e.m.j.i.AbstractJavaProjectConfigurator - Failed to find a compatible VM for environment id 'JavaSE-21', falling back to workspace default
2024-05-20 19:53:56,761 [Worker-24: Importing Maven projects] INFO  o.e.m.c.i.p.ProjectConfigurationManager - Imported and configured 1 project(s) in 2 sec
2024-05-20 19:53:57,866 [Worker-6: Building] INFO  o.a.m.s.f.DefaultMavenResourcesFiltering - Copying 1 resource from src\main\resources to target\classes
2024-05-20 19:53:57,891 [Worker-6: Building] INFO  o.a.m.s.f.DefaultMavenResourcesFiltering - Copying 1 resource from src\main\resources to target\classes
2024-05-20 19:53:57,897 [Worker-6: Building] INFO  o.a.m.s.f.DefaultMavenResourcesFiltering - skip non existing resourceDirectory C:\2DAM\PFC\BackEnd\sweatlab\src\test\resources
2024-05-20 19:54:53,909 [Worker-14: Building] INFO  o.e.m.c.i.l.LifecycleMappingFactory - Using org.eclipse.m2e.jdt.JarLifecycleMapping lifecycle mapping for MavenProject: com.pfc:sweatlab:0.0.1-SNAPSHOT @ C:\2DAM\PFC\BackEnd\sweatlab\pom.xml.
2024-05-20 19:54:54,207 [Worker-14: Building] WARN  o.e.m.c.i.embedder.EclipseLogger - The artifact org.hibernate:hibernate-validator:jar:8.0.0.Final has been relocated to org.hibernate.validator:hibernate-validator:jar:8.0.0.Final
2024-05-20 19:54:54,492 [Worker-14: Building] INFO  o.a.m.s.f.DefaultMavenResourcesFiltering - Copying 0 resource from src\main\resources to target\classes
2024-05-20 19:54:54,493 [Worker-14: Building] INFO  o.a.m.s.f.DefaultMavenResourcesFiltering - Copying 0 resource from src\main\resources to target\classes
2024-05-20 19:54:54,496 [Worker-14: Building] INFO  o.a.m.s.f.DefaultMavenResourcesFiltering - skip non existing resourceDirectory C:\2DAM\PFC\BackEnd\sweatlab\src\test\resources
2024-05-20 19:55:42,826 [Worker-13: Importing Maven projects] INFO  o.e.m.c.i.l.LifecycleMappingFactory - Using org.eclipse.m2e.jdt.JarLifecycleMapping lifecycle mapping for MavenProject: com.pfc:sweatlab:0.0.1-SNAPSHOT @ C:\2DAM\PFC\BackEnd\sweatlab\pom.xml.
2024-05-20 19:55:43,064 [Worker-13: Importing Maven projects] WARN  o.e.m.c.i.embedder.EclipseLogger - The artifact org.hibernate:hibernate-validator:jar:8.0.0.Final has been relocated to org.hibernate.validator:hibernate-validator:jar:8.0.0.Final
2024-05-20 19:55:43,304 [Worker-13: Importing Maven projects] INFO  o.e.m.j.i.AbstractJavaProjectConfigurator - Adding source folder /sweatlab/src/main/java
2024-05-20 19:55:43,305 [Worker-13: Importing Maven projects] INFO  o.e.m.j.i.AbstractJavaProjectConfigurator - Adding resource folder /sweatlab/src/main/resources
2024-05-20 19:55:43,305 [Worker-13: Importing Maven projects] INFO  o.e.m.j.i.AbstractJavaProjectConfigurator - Adding resource folder /sweatlab/src/main/resources
2024-05-20 19:55:43,305 [Worker-13: Importing Maven projects] INFO  o.e.m.j.i.AbstractJavaProjectConfigurator - Adding source folder /sweatlab/src/test/java
2024-05-20 19:55:43,305 [Worker-13: Importing Maven projects] INFO  o.e.m.j.i.AbstractJavaProjectConfigurator - Adding resource folder /sweatlab/src/test/resources
2024-05-20 19:55:43,449 [Worker-13: Importing Maven projects] INFO  o.e.m.c.i.p.ProjectConfigurationManager - Imported and configured 1 project(s) in 0 sec
2024-05-20 19:55:44,000 [Worker-2: Building] INFO  o.a.m.s.f.DefaultMavenResourcesFiltering - Copying 1 resource from src\main\resources to target\classes
2024-05-20 19:55:44,025 [Worker-2: Building] INFO  o.a.m.s.f.DefaultMavenResourcesFiltering - Copying 1 resource from src\main\resources to target\classes
2024-05-20 19:55:44,032 [Worker-2: Building] INFO  o.a.m.s.f.DefaultMavenResourcesFiltering - skip non existing resourceDirectory C:\2DAM\PFC\BackEnd\sweatlab\src\test\resources
2024-05-20 19:56:55,227 [Worker-14: Building] INFO  o.a.m.s.f.DefaultMavenResourcesFiltering - Copying 1 resource from src\main\resources to target\classes
2024-05-20 19:56:55,232 [Worker-14: Building] INFO  o.a.m.s.f.DefaultMavenResourcesFiltering - Copying 1 resource from src\main\resources to target\classes
2024-05-20 19:56:55,235 [Worker-14: Building] INFO  o.a.m.s.f.DefaultMavenResourcesFiltering - skip non existing resourceDirectory C:\2DAM\PFC\BackEnd\sweatlab\src\test\resources
2024-05-20 19:58:23,983 [Worker-21: Building] INFO  o.a.m.s.f.DefaultMavenResourcesFiltering - Copying 1 resource from src\main\resources to target\classes
2024-05-20 19:58:23,988 [Worker-21: Building] INFO  o.a.m.s.f.DefaultMavenResourcesFiltering - Copying 1 resource from src\main\resources to target\classes
2024-05-20 19:58:23,990 [Worker-21: Building] INFO  o.a.m.s.f.DefaultMavenResourcesFiltering - skip non existing resourceDirectory C:\2DAM\PFC\BackEnd\sweatlab\src\test\resources
2024-05-20 20:00:28,567 [Worker-19: Building] INFO  o.a.m.s.f.DefaultMavenResourcesFiltering - Copying 1 resource from src\main\resources to target\classes
2024-05-20 20:00:28,572 [Worker-19: Building] INFO  o.a.m.s.f.DefaultMavenResourcesFiltering - Copying 1 resource from src\main\resources to target\classes
2024-05-20 20:00:28,574 [Worker-19: Building] INFO  o.a.m.s.f.DefaultMavenResourcesFiltering - skip non existing resourceDirectory C:\2DAM\PFC\BackEnd\sweatlab\src\test\resources
2024-05-20 20:01:57,946 [Worker-13: Building] INFO  o.a.m.s.f.DefaultMavenResourcesFiltering - Copying 1 resource from src\main\resources to target\classes
2024-05-20 20:01:57,950 [Worker-13: Building] INFO  o.a.m.s.f.DefaultMavenResourcesFiltering - Copying 1 resource from src\main\resources to target\classes
2024-05-20 20:01:57,953 [Worker-13: Building] INFO  o.a.m.s.f.DefaultMavenResourcesFiltering - skip non existing resourceDirectory C:\2DAM\PFC\BackEnd\sweatlab\src\test\resources
2024-05-20 20:05:32,533 [Worker-38: Building] INFO  o.e.m.c.i.l.LifecycleMappingFactory - Using org.eclipse.m2e.jdt.JarLifecycleMapping lifecycle mapping for MavenProject: com.pfc:sweatlab:0.0.1-SNAPSHOT @ C:\2DAM\PFC\BackEnd\sweatlab\pom.xml.
2024-05-20 20:05:32,753 [Worker-38: Building] WARN  o.e.m.c.i.embedder.EclipseLogger - The artifact org.hibernate:hibernate-validator:jar:8.0.0.Final has been relocated to org.hibernate.validator:hibernate-validator:jar:8.0.0.Final
2024-05-20 20:05:32,991 [Worker-38: Building] INFO  o.a.m.s.f.DefaultMavenResourcesFiltering - Copying 0 resource from src\main\resources to target\classes
2024-05-20 20:05:32,991 [Worker-38: Building] INFO  o.a.m.s.f.DefaultMavenResourcesFiltering - Copying 0 resource from src\main\resources to target\classes
2024-05-20 20:05:32,994 [Worker-38: Building] INFO  o.a.m.s.f.DefaultMavenResourcesFiltering - skip non existing resourceDirectory C:\2DAM\PFC\BackEnd\sweatlab\src\test\resources
2024-05-20 20:05:40,972 [Worker-27: Updating Maven Dependencies] ERROR o.e.m.j.i.l.MavenLaunchConfigurationListener - Launch configuration SweatlabApplication references non-existing project sweatlab.
org.eclipse.core.runtime.CoreException: Launch configuration SweatlabApplication references non-existing project sweatlab.
	at org.eclipse.jdt.launching.JavaRuntime.abort(JavaRuntime.java:1858)
	at org.eclipse.jdt.launching.JavaRuntime.getJavaProject(JavaRuntime.java:1735)
	at org.eclipse.m2e.jdt.internal.launch.MavenLaunchConfigurationListener.updateLaunchConfiguration(MavenLaunchConfigurationListener.java:64)
	at org.eclipse.m2e.jdt.internal.launch.MavenLaunchConfigurationListener.launchConfigurationChanged(MavenLaunchConfigurationListener.java:50)
	at org.eclipse.debug.internal.core.LaunchManager$ConfigurationNotifier.run(LaunchManager.java:220)
	at org.eclipse.core.runtime.SafeRunner.run(SafeRunner.java:47)
	at org.eclipse.debug.internal.core.LaunchManager$ConfigurationNotifier.notify(LaunchManager.java:204)
	at org.eclipse.debug.internal.core.LaunchConfigurationWorkingCopy.setDirty(LaunchConfigurationWorkingCopy.java:527)
	at org.eclipse.debug.internal.core.LaunchConfigurationWorkingCopy.setAttribute(LaunchConfigurationWorkingCopy.java:415)
	at org.eclipse.m2e.jdt.internal.launch.MavenRuntimeClasspathProvider.disable(MavenRuntimeClasspathProvider.java:409)
	at org.eclipse.m2e.jdt.internal.launch.MavenRuntimeClasspathProvider.disable(MavenRuntimeClasspathProvider.java:435)
	at org.eclipse.m2e.jdt.internal.launch.MavenLaunchConfigurationListener.mavenProjectChanged(MavenLaunchConfigurationListener.java:135)
	at org.eclipse.m2e.core.internal.project.registry.ProjectRegistryManager.notifyProjectChangeListeners(ProjectRegistryManager.java:888)
	at org.eclipse.m2e.core.internal.project.registry.ProjectRegistryManager.applyMutableProjectRegistry(ProjectRegistryManager.java:1040)
	at org.eclipse.m2e.core.internal.project.registry.ProjectRegistryRefreshJob.lambda$0(ProjectRegistryRefreshJob.java:162)
	at org.eclipse.m2e.core.internal.embedder.MavenExecutionContext.executeBare(MavenExecutionContext.java:394)
	at org.eclipse.m2e.core.internal.embedder.MavenExecutionContext.execute(MavenExecutionContext.java:275)
	at org.eclipse.m2e.core.internal.embedder.MavenExecutionContext.execute(MavenExecutionContext.java:214)
	at org.eclipse.m2e.core.internal.project.registry.ProjectRegistryRefreshJob.run(ProjectRegistryRefreshJob.java:106)
	at org.eclipse.core.internal.jobs.Worker.run(Worker.java:63)
2024-05-20 20:05:40,976 [Worker-27: Updating Maven Dependencies] ERROR o.e.m.j.i.l.MavenLaunchConfigurationListener - Launch configuration SweatlabApplication references non-existing project sweatlab.
org.eclipse.core.runtime.CoreException: Launch configuration SweatlabApplication references non-existing project sweatlab.
	at org.eclipse.jdt.launching.JavaRuntime.abort(JavaRuntime.java:1858)
	at org.eclipse.jdt.launching.JavaRuntime.getJavaProject(JavaRuntime.java:1735)
	at org.eclipse.m2e.jdt.internal.launch.MavenLaunchConfigurationListener.updateLaunchConfiguration(MavenLaunchConfigurationListener.java:64)
	at org.eclipse.m2e.jdt.internal.launch.MavenLaunchConfigurationListener.launchConfigurationChanged(MavenLaunchConfigurationListener.java:50)
	at org.eclipse.debug.internal.core.LaunchManager$ConfigurationNotifier.run(LaunchManager.java:220)
	at org.eclipse.core.runtime.SafeRunner.run(SafeRunner.java:47)
	at org.eclipse.debug.internal.core.LaunchManager$ConfigurationNotifier.notify(LaunchManager.java:204)
	at org.eclipse.debug.internal.core.LaunchConfigurationWorkingCopy.setDirty(LaunchConfigurationWorkingCopy.java:527)
	at org.eclipse.debug.internal.core.LaunchConfigurationWorkingCopy.setAttribute(LaunchConfigurationWorkingCopy.java:415)
	at org.eclipse.m2e.jdt.internal.launch.MavenRuntimeClasspathProvider.disable(MavenRuntimeClasspathProvider.java:410)
	at org.eclipse.m2e.jdt.internal.launch.MavenRuntimeClasspathProvider.disable(MavenRuntimeClasspathProvider.java:435)
	at org.eclipse.m2e.jdt.internal.launch.MavenLaunchConfigurationListener.mavenProjectChanged(MavenLaunchConfigurationListener.java:135)
	at org.eclipse.m2e.core.internal.project.registry.ProjectRegistryManager.notifyProjectChangeListeners(ProjectRegistryManager.java:888)
	at org.eclipse.m2e.core.internal.project.registry.ProjectRegistryManager.applyMutableProjectRegistry(ProjectRegistryManager.java:1040)
	at org.eclipse.m2e.core.internal.project.registry.ProjectRegistryRefreshJob.lambda$0(ProjectRegistryRefreshJob.java:162)
	at org.eclipse.m2e.core.internal.embedder.MavenExecutionContext.executeBare(MavenExecutionContext.java:394)
	at org.eclipse.m2e.core.internal.embedder.MavenExecutionContext.execute(MavenExecutionContext.java:275)
	at org.eclipse.m2e.core.internal.embedder.MavenExecutionContext.execute(MavenExecutionContext.java:214)
	at org.eclipse.m2e.core.internal.project.registry.ProjectRegistryRefreshJob.run(ProjectRegistryRefreshJob.java:106)
	at org.eclipse.core.internal.jobs.Worker.run(Worker.java:63)
2024-05-20 20:05:40,978 [Worker-27: Updating Maven Dependencies] ERROR o.e.m.j.i.l.MavenLaunchConfigurationListener - Launch configuration SweatlabApplication references non-existing project sweatlab.
org.eclipse.core.runtime.CoreException: Launch configuration SweatlabApplication references non-existing project sweatlab.
	at org.eclipse.jdt.launching.JavaRuntime.abort(JavaRuntime.java:1858)
	at org.eclipse.jdt.launching.JavaRuntime.getJavaProject(JavaRuntime.java:1735)
	at org.eclipse.m2e.jdt.internal.launch.MavenLaunchConfigurationListener.updateLaunchConfiguration(MavenLaunchConfigurationListener.java:64)
	at org.eclipse.m2e.jdt.internal.launch.MavenLaunchConfigurationListener.launchConfigurationChanged(MavenLaunchConfigurationListener.java:50)
	at org.eclipse.debug.internal.core.LaunchManager$ConfigurationNotifier.run(LaunchManager.java:220)
	at org.eclipse.core.runtime.SafeRunner.run(SafeRunner.java:47)
	at org.eclipse.debug.internal.core.LaunchManager$ConfigurationNotifier.notify(LaunchManager.java:204)
	at org.eclipse.debug.internal.core.LaunchManager.launchConfigurationChanged(LaunchManager.java:2010)
	at org.eclipse.debug.internal.core.LaunchConfigurationWorkingCopy.writeNewFile(LaunchConfigurationWorkingCopy.java:380)
	at org.eclipse.debug.internal.core.LaunchConfigurationWorkingCopy.doSave0(LaunchConfigurationWorkingCopy.java:259)
	at org.eclipse.debug.internal.core.LaunchConfigurationWorkingCopy.doSave(LaunchConfigurationWorkingCopy.java:229)
	at org.eclipse.debug.internal.core.LaunchConfigurationWorkingCopy.doSave(LaunchConfigurationWorkingCopy.java:187)
	at org.eclipse.m2e.jdt.internal.launch.MavenRuntimeClasspathProvider.disable(MavenRuntimeClasspathProvider.java:411)
	at org.eclipse.m2e.jdt.internal.launch.MavenRuntimeClasspathProvider.disable(MavenRuntimeClasspathProvider.java:435)
	at org.eclipse.m2e.jdt.internal.launch.MavenLaunchConfigurationListener.mavenProjectChanged(MavenLaunchConfigurationListener.java:135)
	at org.eclipse.m2e.core.internal.project.registry.ProjectRegistryManager.notifyProjectChangeListeners(ProjectRegistryManager.java:888)
	at org.eclipse.m2e.core.internal.project.registry.ProjectRegistryManager.applyMutableProjectRegistry(ProjectRegistryManager.java:1040)
	at org.eclipse.m2e.core.internal.project.registry.ProjectRegistryRefreshJob.lambda$0(ProjectRegistryRefreshJob.java:162)
	at org.eclipse.m2e.core.internal.embedder.MavenExecutionContext.executeBare(MavenExecutionContext.java:394)
	at org.eclipse.m2e.core.internal.embedder.MavenExecutionContext.execute(MavenExecutionContext.java:275)
	at org.eclipse.m2e.core.internal.embedder.MavenExecutionContext.execute(MavenExecutionContext.java:214)
	at org.eclipse.m2e.core.internal.project.registry.ProjectRegistryRefreshJob.run(ProjectRegistryRefreshJob.java:106)
	at org.eclipse.core.internal.jobs.Worker.run(Worker.java:63)
2024-05-20 20:06:26,816 [Worker-10: Importing Maven projects] INFO  o.e.m.c.i.l.LifecycleMappingFactory - Using org.eclipse.m2e.jdt.JarLifecycleMapping lifecycle mapping for MavenProject: com.pfc:sweatlab:0.0.1-SNAPSHOT @ C:\2DAM\PFC\BackEnd\sweatlab\pom.xml.
2024-05-20 20:06:27,053 [Worker-10: Importing Maven projects] WARN  o.e.m.c.i.embedder.EclipseLogger - The artifact org.hibernate:hibernate-validator:jar:8.0.0.Final has been relocated to org.hibernate.validator:hibernate-validator:jar:8.0.0.Final
2024-05-20 20:06:27,340 [Worker-10: Importing Maven projects] INFO  o.e.m.j.i.AbstractJavaProjectConfigurator - Adding source folder /sweatlab/src/main/java
2024-05-20 20:06:27,340 [Worker-10: Importing Maven projects] INFO  o.e.m.j.i.AbstractJavaProjectConfigurator - Adding resource folder /sweatlab/src/main/resources
2024-05-20 20:06:27,340 [Worker-10: Importing Maven projects] INFO  o.e.m.j.i.AbstractJavaProjectConfigurator - Adding resource folder /sweatlab/src/main/resources
2024-05-20 20:06:27,340 [Worker-10: Importing Maven projects] INFO  o.e.m.j.i.AbstractJavaProjectConfigurator - Adding source folder /sweatlab/src/test/java
2024-05-20 20:06:27,340 [Worker-10: Importing Maven projects] INFO  o.e.m.j.i.AbstractJavaProjectConfigurator - Adding resource folder /sweatlab/src/test/resources
2024-05-20 20:06:27,477 [Worker-10: Importing Maven projects] INFO  o.e.m.c.i.p.ProjectConfigurationManager - Imported and configured 1 project(s) in 0 sec
2024-05-20 20:06:28,069 [Worker-31: Building] INFO  o.a.m.s.f.DefaultMavenResourcesFiltering - Copying 1 resource from src\main\resources to target\classes
2024-05-20 20:06:28,108 [Worker-31: Building] INFO  o.a.m.s.f.DefaultMavenResourcesFiltering - Copying 1 resource from src\main\resources to target\classes
2024-05-20 20:06:28,113 [Worker-31: Building] INFO  o.a.m.s.f.DefaultMavenResourcesFiltering - skip non existing resourceDirectory C:\2DAM\PFC\BackEnd\sweatlab\src\test\resources
2024-05-20 20:12:24,264 [Worker-12: Building] INFO  o.a.m.s.f.DefaultMavenResourcesFiltering - Copying 0 resource from src\main\resources to target\classes
2024-05-20 20:12:24,264 [Worker-12: Building] INFO  o.a.m.s.f.DefaultMavenResourcesFiltering - Copying 0 resource from src\main\resources to target\classes
2024-05-20 20:12:24,266 [Worker-12: Building] INFO  o.a.m.s.f.DefaultMavenResourcesFiltering - skip non existing resourceDirectory C:\2DAM\PFC\BackEnd\sweatlab\src\test\resources
2024-05-20 20:14:30,553 [Worker-10: Launching Executing install in C__2DAM_PFC_BackEnd_sweatlab] INFO  o.eclipse.m2e.core.internal.Bundles - getClasspathEntries(Bundle=org.eclipse.m2e.maven.runtime_3.9.500.20231113-2345 [900])
2024-05-20 20:14:30,554 [Worker-10: Launching Executing install in C__2DAM_PFC_BackEnd_sweatlab] INFO  o.eclipse.m2e.core.internal.Bundles - 	Entry: C:\Users\cleme\.p2\pool\plugins\org.eclipse.m2e.maven.runtime_3.9.500.20231113-2345
2024-05-20 20:14:30,555 [Worker-10: Launching Executing install in C__2DAM_PFC_BackEnd_sweatlab] INFO  o.eclipse.m2e.core.internal.Bundles - 	Entry: C:\Users\cleme\.p2\pool\plugins\org.eclipse.m2e.maven.runtime_3.9.500.20231113-2345\jars\aopalliance-1.0.jar
2024-05-20 20:14:30,555 [Worker-10: Launching Executing install in C__2DAM_PFC_BackEnd_sweatlab] INFO  o.eclipse.m2e.core.internal.Bundles - 	Entry: C:\Users\cleme\.p2\pool\plugins\org.eclipse.m2e.maven.runtime_3.9.500.20231113-2345\jars\guice-5.1.0.jar
2024-05-20 20:14:30,555 [Worker-10: Launching Executing install in C__2DAM_PFC_BackEnd_sweatlab] INFO  o.eclipse.m2e.core.internal.Bundles - 	Entry: C:\Users\cleme\.p2\pool\plugins\org.eclipse.m2e.maven.runtime_3.9.500.20231113-2345\jars\httpclient-4.5.14.jar
2024-05-20 20:14:30,555 [Worker-10: Launching Executing install in C__2DAM_PFC_BackEnd_sweatlab] INFO  o.eclipse.m2e.core.internal.Bundles - 	Entry: C:\Users\cleme\.p2\pool\plugins\org.eclipse.m2e.maven.runtime_3.9.500.20231113-2345\jars\httpcore-4.4.16.jar
2024-05-20 20:14:30,555 [Worker-10: Launching Executing install in C__2DAM_PFC_BackEnd_sweatlab] INFO  o.eclipse.m2e.core.internal.Bundles - 	Entry: C:\Users\cleme\.p2\pool\plugins\org.eclipse.m2e.maven.runtime_3.9.500.20231113-2345\jars\jansi-2.4.0.jar
2024-05-20 20:14:30,555 [Worker-10: Launching Executing install in C__2DAM_PFC_BackEnd_sweatlab] INFO  o.eclipse.m2e.core.internal.Bundles - 	Entry: C:\Users\cleme\.p2\pool\plugins\org.eclipse.m2e.maven.runtime_3.9.500.20231113-2345\jars\jcl-over-slf4j-1.7.36.jar
2024-05-20 20:14:30,555 [Worker-10: Launching Executing install in C__2DAM_PFC_BackEnd_sweatlab] INFO  o.eclipse.m2e.core.internal.Bundles - 	Entry: C:\Users\cleme\.p2\pool\plugins\org.eclipse.m2e.maven.runtime_3.9.500.20231113-2345\jars\maven-artifact-3.9.5.jar
2024-05-20 20:14:30,556 [Worker-10: Launching Executing install in C__2DAM_PFC_BackEnd_sweatlab] INFO  o.eclipse.m2e.core.internal.Bundles - 	Entry: C:\Users\cleme\.p2\pool\plugins\org.eclipse.m2e.maven.runtime_3.9.500.20231113-2345\jars\maven-builder-support-3.9.5.jar
2024-05-20 20:14:30,556 [Worker-10: Launching Executing install in C__2DAM_PFC_BackEnd_sweatlab] INFO  o.eclipse.m2e.core.internal.Bundles - 	Entry: C:\Users\cleme\.p2\pool\plugins\org.eclipse.m2e.maven.runtime_3.9.500.20231113-2345\jars\maven-compat-3.9.5.jar
2024-05-20 20:14:30,556 [Worker-10: Launching Executing install in C__2DAM_PFC_BackEnd_sweatlab] INFO  o.eclipse.m2e.core.internal.Bundles - 	Entry: C:\Users\cleme\.p2\pool\plugins\org.eclipse.m2e.maven.runtime_3.9.500.20231113-2345\jars\maven-core-3.9.5.jar
2024-05-20 20:14:30,556 [Worker-10: Launching Executing install in C__2DAM_PFC_BackEnd_sweatlab] INFO  o.eclipse.m2e.core.internal.Bundles - 	Entry: C:\Users\cleme\.p2\pool\plugins\org.eclipse.m2e.maven.runtime_3.9.500.20231113-2345\jars\maven-embedder-3.9.5.jar
2024-05-20 20:14:30,556 [Worker-10: Launching Executing install in C__2DAM_PFC_BackEnd_sweatlab] INFO  o.eclipse.m2e.core.internal.Bundles - 	Entry: C:\Users\cleme\.p2\pool\plugins\org.eclipse.m2e.maven.runtime_3.9.500.20231113-2345\jars\maven-model-3.9.5.jar
2024-05-20 20:14:30,556 [Worker-10: Launching Executing install in C__2DAM_PFC_BackEnd_sweatlab] INFO  o.eclipse.m2e.core.internal.Bundles - 	Entry: C:\Users\cleme\.p2\pool\plugins\org.eclipse.m2e.maven.runtime_3.9.500.20231113-2345\jars\maven-model-builder-3.9.5.jar
2024-05-20 20:14:30,557 [Worker-10: Launching Executing install in C__2DAM_PFC_BackEnd_sweatlab] INFO  o.eclipse.m2e.core.internal.Bundles - 	Entry: C:\Users\cleme\.p2\pool\plugins\org.eclipse.m2e.maven.runtime_3.9.500.20231113-2345\jars\maven-plugin-api-3.9.5.jar
2024-05-20 20:14:30,557 [Worker-10: Launching Executing install in C__2DAM_PFC_BackEnd_sweatlab] INFO  o.eclipse.m2e.core.internal.Bundles - 	Entry: C:\Users\cleme\.p2\pool\plugins\org.eclipse.m2e.maven.runtime_3.9.500.20231113-2345\jars\maven-repository-metadata-3.9.5.jar
2024-05-20 20:14:30,557 [Worker-10: Launching Executing install in C__2DAM_PFC_BackEnd_sweatlab] INFO  o.eclipse.m2e.core.internal.Bundles - 	Entry: C:\Users\cleme\.p2\pool\plugins\org.eclipse.m2e.maven.runtime_3.9.500.20231113-2345\jars\maven-resolver-api-1.9.16.jar
2024-05-20 20:14:30,557 [Worker-10: Launching Executing install in C__2DAM_PFC_BackEnd_sweatlab] INFO  o.eclipse.m2e.core.internal.Bundles - 	Entry: C:\Users\cleme\.p2\pool\plugins\org.eclipse.m2e.maven.runtime_3.9.500.20231113-2345\jars\maven-resolver-connector-basic-1.9.16.jar
2024-05-20 20:14:30,557 [Worker-10: Launching Executing install in C__2DAM_PFC_BackEnd_sweatlab] INFO  o.eclipse.m2e.core.internal.Bundles - 	Entry: C:\Users\cleme\.p2\pool\plugins\org.eclipse.m2e.maven.runtime_3.9.500.20231113-2345\jars\maven-resolver-impl-1.9.16.jar
2024-05-20 20:14:30,557 [Worker-10: Launching Executing install in C__2DAM_PFC_BackEnd_sweatlab] INFO  o.eclipse.m2e.core.internal.Bundles - 	Entry: C:\Users\cleme\.p2\pool\plugins\org.eclipse.m2e.maven.runtime_3.9.500.20231113-2345\jars\maven-resolver-named-locks-1.9.16.jar
2024-05-20 20:14:30,557 [Worker-10: Launching Executing install in C__2DAM_PFC_BackEnd_sweatlab] INFO  o.eclipse.m2e.core.internal.Bundles - 	Entry: C:\Users\cleme\.p2\pool\plugins\org.eclipse.m2e.maven.runtime_3.9.500.20231113-2345\jars\maven-resolver-provider-3.9.5.jar
2024-05-20 20:14:30,557 [Worker-10: Launching Executing install in C__2DAM_PFC_BackEnd_sweatlab] INFO  o.eclipse.m2e.core.internal.Bundles - 	Entry: C:\Users\cleme\.p2\pool\plugins\org.eclipse.m2e.maven.runtime_3.9.500.20231113-2345\jars\maven-resolver-spi-1.9.16.jar
2024-05-20 20:14:30,558 [Worker-10: Launching Executing install in C__2DAM_PFC_BackEnd_sweatlab] INFO  o.eclipse.m2e.core.internal.Bundles - 	Entry: C:\Users\cleme\.p2\pool\plugins\org.eclipse.m2e.maven.runtime_3.9.500.20231113-2345\jars\maven-resolver-transport-file-1.9.16.jar
2024-05-20 20:14:30,558 [Worker-10: Launching Executing install in C__2DAM_PFC_BackEnd_sweatlab] INFO  o.eclipse.m2e.core.internal.Bundles - 	Entry: C:\Users\cleme\.p2\pool\plugins\org.eclipse.m2e.maven.runtime_3.9.500.20231113-2345\jars\maven-resolver-transport-http-1.9.16.jar
2024-05-20 20:14:30,558 [Worker-10: Launching Executing install in C__2DAM_PFC_BackEnd_sweatlab] INFO  o.eclipse.m2e.core.internal.Bundles - 	Entry: C:\Users\cleme\.p2\pool\plugins\org.eclipse.m2e.maven.runtime_3.9.500.20231113-2345\jars\maven-resolver-transport-wagon-1.9.16.jar
2024-05-20 20:14:30,558 [Worker-10: Launching Executing install in C__2DAM_PFC_BackEnd_sweatlab] INFO  o.eclipse.m2e.core.internal.Bundles - 	Entry: C:\Users\cleme\.p2\pool\plugins\org.eclipse.m2e.maven.runtime_3.9.500.20231113-2345\jars\maven-resolver-util-1.9.16.jar
2024-05-20 20:14:30,558 [Worker-10: Launching Executing install in C__2DAM_PFC_BackEnd_sweatlab] INFO  o.eclipse.m2e.core.internal.Bundles - 	Entry: C:\Users\cleme\.p2\pool\plugins\org.eclipse.m2e.maven.runtime_3.9.500.20231113-2345\jars\maven-settings-3.9.5.jar
2024-05-20 20:14:30,558 [Worker-10: Launching Executing install in C__2DAM_PFC_BackEnd_sweatlab] INFO  o.eclipse.m2e.core.internal.Bundles - 	Entry: C:\Users\cleme\.p2\pool\plugins\org.eclipse.m2e.maven.runtime_3.9.500.20231113-2345\jars\maven-settings-builder-3.9.5.jar
2024-05-20 20:14:30,558 [Worker-10: Launching Executing install in C__2DAM_PFC_BackEnd_sweatlab] INFO  o.eclipse.m2e.core.internal.Bundles - 	Entry: C:\Users\cleme\.p2\pool\plugins\org.eclipse.m2e.maven.runtime_3.9.500.20231113-2345\jars\maven-shared-utils-3.3.4.jar
2024-05-20 20:14:30,559 [Worker-10: Launching Executing install in C__2DAM_PFC_BackEnd_sweatlab] INFO  o.eclipse.m2e.core.internal.Bundles - 	Entry: C:\Users\cleme\.p2\pool\plugins\org.eclipse.m2e.maven.runtime_3.9.500.20231113-2345\jars\org.eclipse.sisu.inject-0.3.5.jar
2024-05-20 20:14:30,559 [Worker-10: Launching Executing install in C__2DAM_PFC_BackEnd_sweatlab] INFO  o.eclipse.m2e.core.internal.Bundles - 	Entry: C:\Users\cleme\.p2\pool\plugins\org.eclipse.m2e.maven.runtime_3.9.500.20231113-2345\jars\org.eclipse.sisu.plexus-0.3.5.jar
2024-05-20 20:14:30,559 [Worker-10: Launching Executing install in C__2DAM_PFC_BackEnd_sweatlab] INFO  o.eclipse.m2e.core.internal.Bundles - 	Entry: C:\Users\cleme\.p2\pool\plugins\org.eclipse.m2e.maven.runtime_3.9.500.20231113-2345\jars\plexus-build-api-0.0.7.jar
2024-05-20 20:14:30,559 [Worker-10: Launching Executing install in C__2DAM_PFC_BackEnd_sweatlab] INFO  o.eclipse.m2e.core.internal.Bundles - 	Entry: C:\Users\cleme\.p2\pool\plugins\org.eclipse.m2e.maven.runtime_3.9.500.20231113-2345\jars\plexus-cipher-2.0.jar
2024-05-20 20:14:30,559 [Worker-10: Launching Executing install in C__2DAM_PFC_BackEnd_sweatlab] INFO  o.eclipse.m2e.core.internal.Bundles - 	Entry: C:\Users\cleme\.p2\pool\plugins\org.eclipse.m2e.maven.runtime_3.9.500.20231113-2345\jars\plexus-classworlds-2.7.0.jar
2024-05-20 20:14:30,559 [Worker-10: Launching Executing install in C__2DAM_PFC_BackEnd_sweatlab] INFO  o.eclipse.m2e.core.internal.Bundles - 	Entry: C:\Users\cleme\.p2\pool\plugins\org.eclipse.m2e.maven.runtime_3.9.500.20231113-2345\jars\plexus-component-annotations-2.1.0.jar
2024-05-20 20:14:30,559 [Worker-10: Launching Executing install in C__2DAM_PFC_BackEnd_sweatlab] INFO  o.eclipse.m2e.core.internal.Bundles - 	Entry: C:\Users\cleme\.p2\pool\plugins\org.eclipse.m2e.maven.runtime_3.9.500.20231113-2345\jars\plexus-interpolation-1.26.jar
2024-05-20 20:14:30,560 [Worker-10: Launching Executing install in C__2DAM_PFC_BackEnd_sweatlab] INFO  o.eclipse.m2e.core.internal.Bundles - 	Entry: C:\Users\cleme\.p2\pool\plugins\org.eclipse.m2e.maven.runtime_3.9.500.20231113-2345\jars\plexus-sec-dispatcher-2.0.jar
2024-05-20 20:14:30,560 [Worker-10: Launching Executing install in C__2DAM_PFC_BackEnd_sweatlab] INFO  o.eclipse.m2e.core.internal.Bundles - 	Entry: C:\Users\cleme\.p2\pool\plugins\org.eclipse.m2e.maven.runtime_3.9.500.20231113-2345\jars\plexus-utils-3.5.1.jar
2024-05-20 20:14:30,560 [Worker-10: Launching Executing install in C__2DAM_PFC_BackEnd_sweatlab] INFO  o.eclipse.m2e.core.internal.Bundles - 	Entry: C:\Users\cleme\.p2\pool\plugins\org.eclipse.m2e.maven.runtime_3.9.500.20231113-2345\jars\wagon-file-3.5.3.jar
2024-05-20 20:14:30,560 [Worker-10: Launching Executing install in C__2DAM_PFC_BackEnd_sweatlab] INFO  o.eclipse.m2e.core.internal.Bundles - 	Entry: C:\Users\cleme\.p2\pool\plugins\org.eclipse.m2e.maven.runtime_3.9.500.20231113-2345\jars\wagon-http-3.5.3.jar
2024-05-20 20:14:30,560 [Worker-10: Launching Executing install in C__2DAM_PFC_BackEnd_sweatlab] INFO  o.eclipse.m2e.core.internal.Bundles - 	Entry: C:\Users\cleme\.p2\pool\plugins\org.eclipse.m2e.maven.runtime_3.9.500.20231113-2345\jars\wagon-http-shared-3.5.3.jar
2024-05-20 20:14:30,560 [Worker-10: Launching Executing install in C__2DAM_PFC_BackEnd_sweatlab] INFO  o.eclipse.m2e.core.internal.Bundles - 	Entry: C:\Users\cleme\.p2\pool\plugins\org.eclipse.m2e.maven.runtime_3.9.500.20231113-2345\jars\wagon-provider-api-3.5.3.jar
2024-05-20 20:14:30,561 [Worker-10: Launching Executing install in C__2DAM_PFC_BackEnd_sweatlab] INFO  o.eclipse.m2e.core.internal.Bundles - getClasspathEntries(Bundle=com.google.guava_32.1.3.jre [653])
2024-05-20 20:14:30,562 [Worker-10: Launching Executing install in C__2DAM_PFC_BackEnd_sweatlab] INFO  o.eclipse.m2e.core.internal.Bundles - 	Entry: C:\Users\cleme\.p2\pool\plugins\com.google.guava_32.1.3.jre.jar
2024-05-20 20:14:30,562 [Worker-10: Launching Executing install in C__2DAM_PFC_BackEnd_sweatlab] INFO  o.eclipse.m2e.core.internal.Bundles - getClasspathEntries(Bundle=slf4j.api_2.0.11 [1103])
2024-05-20 20:14:30,562 [Worker-10: Launching Executing install in C__2DAM_PFC_BackEnd_sweatlab] INFO  o.eclipse.m2e.core.internal.Bundles - 	Entry: C:\Users\cleme\.p2\pool\plugins\slf4j.api_2.0.11.jar
2024-05-20 20:14:30,562 [Worker-10: Launching Executing install in C__2DAM_PFC_BackEnd_sweatlab] INFO  o.eclipse.m2e.core.internal.Bundles - getClasspathEntries(Bundle=javax.inject_1.0.0.v20220405-0441 [25])
2024-05-20 20:14:30,562 [Worker-10: Launching Executing install in C__2DAM_PFC_BackEnd_sweatlab] INFO  o.eclipse.m2e.core.internal.Bundles - 	Entry: C:\Users\cleme\.p2\pool\plugins\javax.inject_1.0.0.v20220405-0441.jar
2024-05-20 20:14:30,562 [Worker-10: Launching Executing install in C__2DAM_PFC_BackEnd_sweatlab] INFO  o.eclipse.m2e.core.internal.Bundles - getClasspathEntries(Bundle=javax.annotation_1.3.5.v20230504-0748 [660])
2024-05-20 20:14:30,563 [Worker-10: Launching Executing install in C__2DAM_PFC_BackEnd_sweatlab] INFO  o.eclipse.m2e.core.internal.Bundles - 	Entry: C:\Users\cleme\.p2\pool\plugins\javax.annotation_1.3.5.v20230504-0748.jar
2024-05-20 20:14:30,563 [Worker-10: Launching Executing install in C__2DAM_PFC_BackEnd_sweatlab] INFO  o.eclipse.m2e.core.internal.Bundles - getClasspathEntries(Bundle=org.apache.commons.cli_1.6.0 [681])
2024-05-20 20:14:30,563 [Worker-10: Launching Executing install in C__2DAM_PFC_BackEnd_sweatlab] INFO  o.eclipse.m2e.core.internal.Bundles - 	Entry: C:\Users\cleme\.p2\pool\plugins\org.apache.commons.cli_1.6.0.jar
2024-05-20 20:14:30,563 [Worker-10: Launching Executing install in C__2DAM_PFC_BackEnd_sweatlab] INFO  o.eclipse.m2e.core.internal.Bundles - getClasspathEntries(Bundle=org.apache.commons.commons-codec_1.16.0 [683])
2024-05-20 20:14:30,563 [Worker-10: Launching Executing install in C__2DAM_PFC_BackEnd_sweatlab] INFO  o.eclipse.m2e.core.internal.Bundles - 	Entry: C:\Users\cleme\.p2\pool\plugins\org.apache.commons.commons-codec_1.16.0.jar
2024-05-20 20:14:30,563 [Worker-10: Launching Executing install in C__2DAM_PFC_BackEnd_sweatlab] INFO  o.eclipse.m2e.core.internal.Bundles - getClasspathEntries(Bundle=org.apache.commons.lang3_3.13.0 [685])
2024-05-20 20:14:30,564 [Worker-10: Launching Executing install in C__2DAM_PFC_BackEnd_sweatlab] INFO  o.eclipse.m2e.core.internal.Bundles - 	Entry: C:\Users\cleme\.p2\pool\plugins\org.apache.commons.lang3_3.13.0.jar
2024-05-20 20:14:30,564 [Worker-10: Launching Executing install in C__2DAM_PFC_BackEnd_sweatlab] INFO  o.eclipse.m2e.core.internal.Bundles - getClasspathEntries(Bundle=com.google.guava.failureaccess_1.0.2 [654])
2024-05-20 20:14:30,564 [Worker-10: Launching Executing install in C__2DAM_PFC_BackEnd_sweatlab] INFO  o.eclipse.m2e.core.internal.Bundles - 	Entry: C:\Users\cleme\.p2\pool\plugins\com.google.guava.failureaccess_1.0.2.jar
2024-05-20 20:14:30,567 [Worker-10: Launching Executing install in C__2DAM_PFC_BackEnd_sweatlab] INFO  o.e.m.i.launch.MavenLaunchDelegate - Run build in "C:\2DAM\PFC\BackEnd\sweatlab":
2024-05-20 20:14:30,568 [Worker-10: Launching Executing install in C__2DAM_PFC_BackEnd_sweatlab] INFO  o.e.m.i.launch.MavenLaunchDelegate -  mvn  -B -Dstyle.color=always install
